{
  "RSpec": {
    "coverage": {
      "/Users/student/Projects/Makers/week_6/makers-bnb/app.rb": {
        "lines": [
          1,
          1,
          null,
          1,
          null,
          1,
          1,
          null,
          1,
          0,
          null,
          null,
          1,
          1,
          null,
          null,
          1,
          2,
          null,
          null,
          1,
          null,
          null,
          null,
          1,
          1,
          null,
          null,
          1,
          null,
          null,
          null,
          1,
          null,
          null,
          null,
          1,
          null,
          null,
          null,
          1,
          null,
          null,
          null,
          1,
          null,
          null,
          1,
          null
        ]
      },
      "/Users/student/Projects/Makers/week_6/makers-bnb/spec/features/add_space_spec.rb": {
        "lines": [
          1,
          null,
          1,
          null,
          1,
          1,
          0,
          0,
          0,
          null,
          0,
          0,
          0,
          null,
          null,
          null,
          null
        ]
      },
      "/Users/student/Projects/Makers/week_6/makers-bnb/spec/features/environment_exists_spec.rb": {
        "lines": [
          1,
          null,
          1,
          1,
          1,
          1,
          1,
          1,
          1,
          1,
          1,
          null,
          null
        ]
      },
      "/Users/student/Projects/Makers/week_6/makers-bnb/spec/space_spec.rb": {
        "lines": [
          1,
          null,
          1,
          null,
          2,
          null,
          1,
          1,
          1,
          null,
          null,
          null,
          null
        ]
      },
      "/Users/student/Projects/Makers/week_6/makers-bnb/lib/space.rb": {
        "lines": [
          1,
          null
        ]
      }
    },
    "timestamp": 1585047247
  }
}
